TN:
SF:C:\Users\Andy\Desktop\projects\react-glide\src\index.js
FN:10,(anonymous_0)
FN:17,(anonymous_1)
FN:20,(anonymous_2)
FN:26,(anonymous_3)
FN:30,(anonymous_4)
FN:38,(anonymous_5)
FN:46,(anonymous_6)
FN:50,(anonymous_7)
FN:92,(anonymous_8)
FN:104,(anonymous_9)
FN:118,(anonymous_10)
FN:122,(anonymous_11)
FNF:12
FNH:12
FNDA:18,(anonymous_0)
FNDA:3,(anonymous_1)
FNDA:3,(anonymous_2)
FNDA:2,(anonymous_3)
FNDA:2,(anonymous_4)
FNDA:10,(anonymous_5)
FNDA:3,(anonymous_6)
FNDA:32,(anonymous_7)
FNDA:2,(anonymous_8)
FNDA:7,(anonymous_9)
FNDA:192,(anonymous_10)
FNDA:2,(anonymous_11)
DA:7,1
DA:11,18
DA:12,18
DA:18,3
DA:19,2
DA:20,3
DA:27,2
DA:31,2
DA:32,2
DA:35,2
DA:39,10
DA:40,10
DA:43,10
DA:47,3
DA:51,32
DA:52,32
DA:54,32
DA:59,32
DA:93,2
DA:94,2
DA:105,7
DA:106,7
DA:119,192
DA:123,2
DA:139,1
DA:148,1
LF:26
LH:26
BRDA:18,0,0,2
BRDA:18,0,1,1
BRDA:21,1,0,2
BRDA:21,1,1,0
BRDA:32,2,0,2
BRDA:32,2,1,0
BRDA:40,3,0,0
BRDA:40,3,1,10
BRDA:89,4,0,32
BRDA:89,4,1,9
BRDA:89,4,2,28
BRDA:101,5,0,32
BRDA:101,5,1,9
BRDA:101,5,2,31
BRDA:114,6,0,32
BRDA:114,6,1,32
BRDA:121,7,0,32
BRDA:121,7,1,160
BRF:18
BRH:15
end_of_record
